Arguments: 
  /usr/local/bin/node /usr/local/bin/yarn

PATH: 
  /usr/local/sbin:/usr/local/bin:/usr/local/bin:/usr/bin:/bin:/usr/sbin:/sbin:/Library/Apple/usr/bin:/usr/local/sbin

Yarn version: 
  1.22.10

Node version: 
  14.18.1

Platform: 
  darwin x64

Trace: 
  SyntaxError: /Users/yiki/Desktop/wqh_code/bfe-go/micro/hooks/package.json: Unexpected token } in JSON at position 970
      at JSON.parse (<anonymous>)
      at /usr/local/lib/node_modules/yarn/lib/cli.js:1625:59
      at Generator.next (<anonymous>)
      at step (/usr/local/lib/node_modules/yarn/lib/cli.js:310:30)
      at /usr/local/lib/node_modules/yarn/lib/cli.js:321:13

npm manifest: 
  {
    "name": "use-request-implment",
    "version": "1.0.0",
    "main": "index.js",
    "license": "MIT",
    "keywords": [
      "v6-document-translate",
      "v6-router-implment"
    ],
    "scripts": {
      "build": "webpack -c ./config/webpack.config.js",
      "dev": "webpack serve -c ./config/webpack.config.js"
    },
    "devDependencies": {
      "@babel/core": "^7.14.3",
      "@babel/plugin-syntax-dynamic-import": "^7.8.3",
      "@babel/plugin-transform-runtime": "^7.14.3",
      "@babel/preset-env": "^7.14.4",
      "@babel/preset-react": "^7.13.13",
      "@babel/preset-typescript": "^7.13.0",
      "@types/react": "^17.0.8",
      "@types/react-dom": "^17.0.5",
      "babel-loader": "^8.2.2",
      "html-webpack-plugin": "^5.3.1",
      "typescript": "^4.3.2",
      "webpack": "^5.38.1",
      "webpack-cli": "^4.7.0",
      "webpack-dev-server": "^3.11.2"
    },
    "dependencies": {
      "@babel/runtime": "^7.14.0",
      "core-js": "^3.13.1",
      "react": "^17.0.2",
      "react-dom": "^17.0.2",
    }
  }

yarn manifest: 
  No manifest

Lockfile: 
  No lockfile
